[debug] [2026-04-19T16:10:36.491Z] ----------------------------------------------------------------------
[debug] [2026-04-19T16:10:36.499Z] Command:       /data/data/com.termux/files/usr/bin/node /data/data/com.termux/files/usr/bin/firebase init
[debug] [2026-04-19T16:10:36.499Z] CLI Version:   15.15.0
[debug] [2026-04-19T16:10:36.500Z] Platform:      android
[debug] [2026-04-19T16:10:36.500Z] Node Version:  v25.8.2
[debug] [2026-04-19T16:10:36.500Z] Time:          Sun Apr 19 2026 12:10:36 GMT-0400 (Amazon Standard Time)
[debug] [2026-04-19T16:10:36.500Z] ----------------------------------------------------------------------
[debug] 
[info] 
     ######## #### ########  ######## ########     ###     ######  ########
     ##        ##  ##     ## ##       ##     ##  ##   ##  ##       ##
     ######    ##  ########  ######   ########  #########  ######  ######
     ##        ##  ##    ##  ##       ##     ## ##     ##       ## ##
     ##       #### ##     ## ######## ########  ##     ##  ######  ########

You're about to initialize a Firebase project in this directory:

  /data/data/com.termux/files/home/projetos/bb

[info] 
=== Project Setup
[info] 
[info] First, let's associate this project directory with a Firebase project.
[info] You can create multiple project aliases by running firebase use --add, 
[info] 
